<?xml version="1.0" encoding="UTF-8"?>
<!-- Generated by org.testng.reporters.JUnitReportReporter -->
<testsuite hostname="anitas-mbp.lan" failures="0" tests="1" name="testpack.IntegrateTest" time="0.004" errors="0" timestamp="2022-08-21T12:36:44 CEST" skipped="0">
  <testcase classname="testpack.IntegrateTest" name="f" time="0.004"/>
  <system-out/>
</testsuite> <!-- testpack.IntegrateTest -->
